<?xml version="1.0" encoding="UTF-8"?>
<!-- Generated by org.testng.reporters.JUnitReportReporter -->
<testsuite hostname="DESKTOP-1VS1VTQ" failures="0" tests="1" name="com.test.actitime.LoginLogout" time="4.985" errors="0" timestamp="21 Jul 2022 11:53:39 GMT" skipped="0">
  <testcase classname="com.test.actitime.LoginLogout" name="login" time="4.985"/>
</testsuite> <!-- com.test.actitime.LoginLogout -->
